This is pdfTeX, Version 3.14159265-2.6-1.40.17 (TeX Live 2016) (preloaded format=pdflatex 2017.2.19)  15 FEB 2018 08:33
entering extended mode
 restricted \write18 enabled.
 %&-line parsing enabled.
**project_tree.tex
(./project_tree.tex
LaTeX2e <2016/03/31>
Babel <3.9r> and hyphenation patterns for 83 language(s) loaded.
(/usr/local/texlive/2016/texmf-dist/tex/latex/base/article.cls
Document Class: article 2014/09/29 v1.4h Standard LaTeX document class
(/usr/local/texlive/2016/texmf-dist/tex/latex/base/size11.clo
File: size11.clo 2014/09/29 v1.4h Standard LaTeX file (size option)
)
\c@part=\count79
\c@section=\count80
\c@subsection=\count81
\c@subsubsection=\count82
\c@paragraph=\count83
\c@subparagraph=\count84
\c@figure=\count85
\c@table=\count86
\abovecaptionskip=\skip41
\belowcaptionskip=\skip42
\bibindent=\dimen102
)
(/usr/local/texlive/2016/texmf-dist/tex/latex/base/inputenc.sty
Package: inputenc 2015/03/17 v1.2c Input encoding file
\inpenc@prehook=\toks14
\inpenc@posthook=\toks15

(/usr/local/texlive/2016/texmf-dist/tex/latex/base/utf8.def
File: utf8.def 2016/02/28 v1.1s UTF-8 support for inputenc
Now handling font encoding OML ...
... no UTF-8 mapping file for font encoding OML
Now handling font encoding T1 ...
... processing UTF-8 mapping file for font encoding T1

(/usr/local/texlive/2016/texmf-dist/tex/latex/base/t1enc.dfu
File: t1enc.dfu 2016/02/28 v1.1s UTF-8 support for inputenc
   defining Unicode char U+00A0 (decimal 160)
   defining Unicode char U+00A1 (decimal 161)
   defining Unicode char U+00A3 (decimal 163)
   defining Unicode char U+00AB (decimal 171)
   defining Unicode char U+00AD (decimal 173)
   defining Unicode char U+00BB (decimal 187)
   defining Unicode char U+00BF (decimal 191)
   defining Unicode char U+00C0 (decimal 192)
   defining Unicode char U+00C1 (decimal 193)
   defining Unicode char U+00C2 (decimal 194)
   defining Unicode char U+00C3 (decimal 195)
   defining Unicode char U+00C4 (decimal 196)
   defining Unicode char U+00C5 (decimal 197)
   defining Unicode char U+00C6 (decimal 198)
   defining Unicode char U+00C7 (decimal 199)
   defining Unicode char U+00C8 (decimal 200)
   defining Unicode char U+00C9 (decimal 201)
   defining Unicode char U+00CA (decimal 202)
   defining Unicode char U+00CB (decimal 203)
   defining Unicode char U+00CC (decimal 204)
   defining Unicode char U+00CD (decimal 205)
   defining Unicode char U+00CE (decimal 206)
   defining Unicode char U+00CF (decimal 207)
   defining Unicode char U+00D0 (decimal 208)
   defining Unicode char U+00D1 (decimal 209)
   defining Unicode char U+00D2 (decimal 210)
   defining Unicode char U+00D3 (decimal 211)
   defining Unicode char U+00D4 (decimal 212)
   defining Unicode char U+00D5 (decimal 213)
   defining Unicode char U+00D6 (decimal 214)
   defining Unicode char U+00D8 (decimal 216)
   defining Unicode char U+00D9 (decimal 217)
   defining Unicode char U+00DA (decimal 218)
   defining Unicode char U+00DB (decimal 219)
   defining Unicode char U+00DC (decimal 220)
   defining Unicode char U+00DD (decimal 221)
   defining Unicode char U+00DE (decimal 222)
   defining Unicode char U+00DF (decimal 223)
   defining Unicode char U+00E0 (decimal 224)
   defining Unicode char U+00E1 (decimal 225)
   defining Unicode char U+00E2 (decimal 226)
   defining Unicode char U+00E3 (decimal 227)
   defining Unicode char U+00E4 (decimal 228)
   defining Unicode char U+00E5 (decimal 229)
   defining Unicode char U+00E6 (decimal 230)
   defining Unicode char U+00E7 (decimal 231)
   defining Unicode char U+00E8 (decimal 232)
   defining Unicode char U+00E9 (decimal 233)
   defining Unicode char U+00EA (decimal 234)
   defining Unicode char U+00EB (decimal 235)
   defining Unicode char U+00EC (decimal 236)
   defining Unicode char U+00ED (decimal 237)
   defining Unicode char U+00EE (decimal 238)
   defining Unicode char U+00EF (decimal 239)
   defining Unicode char U+00F0 (decimal 240)
   defining Unicode char U+00F1 (decimal 241)
   defining Unicode char U+00F2 (decimal 242)
   defining Unicode char U+00F3 (decimal 243)
   defining Unicode char U+00F4 (decimal 244)
   defining Unicode char U+00F5 (decimal 245)
   defining Unicode char U+00F6 (decimal 246)
   defining Unicode char U+00F8 (decimal 248)
   defining Unicode char U+00F9 (decimal 249)
   defining Unicode char U+00FA (decimal 250)
   defining Unicode char U+00FB (decimal 251)
   defining Unicode char U+00FC (decimal 252)
   defining Unicode char U+00FD (decimal 253)
   defining Unicode char U+00FE (decimal 254)
   defining Unicode char U+00FF (decimal 255)
   defining Unicode char U+0100 (decimal 256)
   defining Unicode char U+0101 (decimal 257)
   defining Unicode char U+0102 (decimal 258)
   defining Unicode char U+0103 (decimal 259)
   defining Unicode char U+0104 (decimal 260)
   defining Unicode char U+0105 (decimal 261)
   defining Unicode char U+0106 (decimal 262)
   defining Unicode char U+0107 (decimal 263)
   defining Unicode char U+0108 (decimal 264)
   defining Unicode char U+0109 (decimal 265)
   defining Unicode char U+010A (decimal 266)
   defining Unicode char U+010B (decimal 267)
   defining Unicode char U+010C (decimal 268)
   defining Unicode char U+010D (decimal 269)
   defining Unicode char U+010E (decimal 270)
   defining Unicode char U+010F (decimal 271)
   defining Unicode char U+0110 (decimal 272)
   defining Unicode char U+0111 (decimal 273)
   defining Unicode char U+0112 (decimal 274)
   defining Unicode char U+0113 (decimal 275)
   defining Unicode char U+0114 (decimal 276)
   defining Unicode char U+0115 (decimal 277)
   defining Unicode char U+0116 (decimal 278)
   defining Unicode char U+0117 (decimal 279)
   defining Unicode char U+0118 (decimal 280)
   defining Unicode char U+0119 (decimal 281)
   defining Unicode char U+011A (decimal 282)
   defining Unicode char U+011B (decimal 283)
   defining Unicode char U+011C (decimal 284)
   defining Unicode char U+011D (decimal 285)
   defining Unicode char U+011E (decimal 286)
   defining Unicode char U+011F (decimal 287)
   defining Unicode char U+0120 (decimal 288)
   defining Unicode char U+0121 (decimal 289)
   defining Unicode char U+0122 (decimal 290)
   defining Unicode char U+0123 (decimal 291)
   defining Unicode char U+0124 (decimal 292)
   defining Unicode char U+0125 (decimal 293)
   defining Unicode char U+0128 (decimal 296)
   defining Unicode char U+0129 (decimal 297)
   defining Unicode char U+012A (decimal 298)
   defining Unicode char U+012B (decimal 299)
   defining Unicode char U+012C (decimal 300)
   defining Unicode char U+012D (decimal 301)
   defining Unicode char U+012E (decimal 302)
   defining Unicode char U+012F (decimal 303)
   defining Unicode char U+0130 (decimal 304)
   defining Unicode char U+0131 (decimal 305)
   defining Unicode char U+0132 (decimal 306)
   defining Unicode char U+0133 (decimal 307)
   defining Unicode char U+0134 (decimal 308)
   defining Unicode char U+0135 (decimal 309)
   defining Unicode char U+0136 (decimal 310)
   defining Unicode char U+0137 (decimal 311)
   defining Unicode char U+0139 (decimal 313)
   defining Unicode char U+013A (decimal 314)
   defining Unicode char U+013B (decimal 315)
   defining Unicode char U+013C (decimal 316)
   defining Unicode char U+013D (decimal 317)
   defining Unicode char U+013E (decimal 318)
   defining Unicode char U+0141 (decimal 321)
   defining Unicode char U+0142 (decimal 322)
   defining Unicode char U+0143 (decimal 323)
   defining Unicode char U+0144 (decimal 324)
   defining Unicode char U+0145 (decimal 325)
   defining Unicode char U+0146 (decimal 326)
   defining Unicode char U+0147 (decimal 327)
   defining Unicode char U+0148 (decimal 328)
   defining Unicode char U+014A (decimal 330)
   defining Unicode char U+014B (decimal 331)
   defining Unicode char U+014C (decimal 332)
   defining Unicode char U+014D (decimal 333)
   defining Unicode char U+014E (decimal 334)
   defining Unicode char U+014F (decimal 335)
   defining Unicode char U+0150 (decimal 336)
   defining Unicode char U+0151 (decimal 337)
   defining Unicode char U+0152 (decimal 338)
   defining Unicode char U+0153 (decimal 339)
   defining Unicode char U+0154 (decimal 340)
   defining Unicode char U+0155 (decimal 341)
   defining Unicode char U+0156 (decimal 342)
   defining Unicode char U+0157 (decimal 343)
   defining Unicode char U+0158 (decimal 344)
   defining Unicode char U+0159 (decimal 345)
   defining Unicode char U+015A (decimal 346)
   defining Unicode char U+015B (decimal 347)
   defining Unicode char U+015C (decimal 348)
   defining Unicode char U+015D (decimal 349)
   defining Unicode char U+015E (decimal 350)
   defining Unicode char U+015F (decimal 351)
   defining Unicode char U+0160 (decimal 352)
   defining Unicode char U+0161 (decimal 353)
   defining Unicode char U+0162 (decimal 354)
   defining Unicode char U+0163 (decimal 355)
   defining Unicode char U+0164 (decimal 356)
   defining Unicode char U+0165 (decimal 357)
   defining Unicode char U+0168 (decimal 360)
   defining Unicode char U+0169 (decimal 361)
   defining Unicode char U+016A (decimal 362)
   defining Unicode char U+016B (decimal 363)
   defining Unicode char U+016C (decimal 364)
   defining Unicode char U+016D (decimal 365)
   defining Unicode char U+016E (decimal 366)
   defining Unicode char U+016F (decimal 367)
   defining Unicode char U+0170 (decimal 368)
   defining Unicode char U+0171 (decimal 369)
   defining Unicode char U+0172 (decimal 370)
   defining Unicode char U+0173 (decimal 371)
   defining Unicode char U+0174 (decimal 372)
   defining Unicode char U+0175 (decimal 373)
   defining Unicode char U+0176 (decimal 374)
   defining Unicode char U+0177 (decimal 375)
   defining Unicode char U+0178 (decimal 376)
   defining Unicode char U+0179 (decimal 377)
   defining Unicode char U+017A (decimal 378)
   defining Unicode char U+017B (decimal 379)
   defining Unicode char U+017C (decimal 380)
   defining Unicode char U+017D (decimal 381)
   defining Unicode char U+017E (decimal 382)
   defining Unicode char U+01CD (decimal 461)
   defining Unicode char U+01CE (decimal 462)
   defining Unicode char U+01CF (decimal 463)
   defining Unicode char U+01D0 (decimal 464)
   defining Unicode char U+01D1 (decimal 465)
   defining Unicode char U+01D2 (decimal 466)
   defining Unicode char U+01D3 (decimal 467)
   defining Unicode char U+01D4 (decimal 468)
   defining Unicode char U+01E2 (decimal 482)
   defining Unicode char U+01E3 (decimal 483)
   defining Unicode char U+01E6 (decimal 486)
   defining Unicode char U+01E7 (decimal 487)
   defining Unicode char U+01E8 (decimal 488)
   defining Unicode char U+01E9 (decimal 489)
   defining Unicode char U+01EA (decimal 490)
   defining Unicode char U+01EB (decimal 491)
   defining Unicode char U+01F0 (decimal 496)
   defining Unicode char U+01F4 (decimal 500)
   defining Unicode char U+01F5 (decimal 501)
   defining Unicode char U+0218 (decimal 536)
   defining Unicode char U+0219 (decimal 537)
   defining Unicode char U+021A (decimal 538)
   defining Unicode char U+021B (decimal 539)
   defining Unicode char U+1E02 (decimal 7682)
   defining Unicode char U+1E03 (decimal 7683)
   defining Unicode char U+200C (decimal 8204)
   defining Unicode char U+2010 (decimal 8208)
   defining Unicode char U+2011 (decimal 8209)
   defining Unicode char U+2012 (decimal 8210)
   defining Unicode char U+2013 (decimal 8211)
   defining Unicode char U+2014 (decimal 8212)
   defining Unicode char U+2015 (decimal 8213)
   defining Unicode char U+2018 (decimal 8216)
   defining Unicode char U+2019 (decimal 8217)
   defining Unicode char U+201A (decimal 8218)
   defining Unicode char U+201C (decimal 8220)
   defining Unicode char U+201D (decimal 8221)
   defining Unicode char U+201E (decimal 8222)
   defining Unicode char U+2030 (decimal 8240)
   defining Unicode char U+2031 (decimal 8241)
   defining Unicode char U+2039 (decimal 8249)
   defining Unicode char U+203A (decimal 8250)
   defining Unicode char U+2423 (decimal 9251)
)
Now handling font encoding OT1 ...
... processing UTF-8 mapping file for font encoding OT1

(/usr/local/texlive/2016/texmf-dist/tex/latex/base/ot1enc.dfu
File: ot1enc.dfu 2016/02/28 v1.1s UTF-8 support for inputenc
   defining Unicode char U+00A0 (decimal 160)
   defining Unicode char U+00A1 (decimal 161)
   defining Unicode char U+00A3 (decimal 163)
   defining Unicode char U+00AD (decimal 173)
   defining Unicode char U+00B8 (decimal 184)
   defining Unicode char U+00BF (decimal 191)
   defining Unicode char U+00C5 (decimal 197)
   defining Unicode char U+00C6 (decimal 198)
   defining Unicode char U+00D8 (decimal 216)
   defining Unicode char U+00DF (decimal 223)
   defining Unicode char U+00E6 (decimal 230)
   defining Unicode char U+00EC (decimal 236)
   defining Unicode char U+00ED (decimal 237)
   defining Unicode char U+00EE (decimal 238)
   defining Unicode char U+00EF (decimal 239)
   defining Unicode char U+00F8 (decimal 248)
   defining Unicode char U+0131 (decimal 305)
   defining Unicode char U+0141 (decimal 321)
   defining Unicode char U+0142 (decimal 322)
   defining Unicode char U+0152 (decimal 338)
   defining Unicode char U+0153 (decimal 339)
   defining Unicode char U+0174 (decimal 372)
   defining Unicode char U+0175 (decimal 373)
   defining Unicode char U+0176 (decimal 374)
   defining Unicode char U+0177 (decimal 375)
   defining Unicode char U+0218 (decimal 536)
   defining Unicode char U+0219 (decimal 537)
   defining Unicode char U+021A (decimal 538)
   defining Unicode char U+021B (decimal 539)
   defining Unicode char U+2013 (decimal 8211)
   defining Unicode char U+2014 (decimal 8212)
   defining Unicode char U+2018 (decimal 8216)
   defining Unicode char U+2019 (decimal 8217)
   defining Unicode char U+201C (decimal 8220)
   defining Unicode char U+201D (decimal 8221)
)
Now handling font encoding OMS ...
... processing UTF-8 mapping file for font encoding OMS

(/usr/local/texlive/2016/texmf-dist/tex/latex/base/omsenc.dfu
File: omsenc.dfu 2016/02/28 v1.1s UTF-8 support for inputenc
   defining Unicode char U+00A7 (decimal 167)
   defining Unicode char U+00B6 (decimal 182)
   defining Unicode char U+00B7 (decimal 183)
   defining Unicode char U+2020 (decimal 8224)
   defining Unicode char U+2021 (decimal 8225)
   defining Unicode char U+2022 (decimal 8226)
)
Now handling font encoding OMX ...
... no UTF-8 mapping file for font encoding OMX
Now handling font encoding U ...
... no UTF-8 mapping file for font encoding U
   defining Unicode char U+00A9 (decimal 169)
   defining Unicode char U+00AA (decimal 170)
   defining Unicode char U+00AE (decimal 174)
   defining Unicode char U+00BA (decimal 186)
   defining Unicode char U+02C6 (decimal 710)
   defining Unicode char U+02DC (decimal 732)
   defining Unicode char U+200C (decimal 8204)
   defining Unicode char U+2026 (decimal 8230)
   defining Unicode char U+2122 (decimal 8482)
   defining Unicode char U+2423 (decimal 9251)
))
(/usr/local/texlive/2016/texmf-dist/tex/latex/hyperref/hyperref.sty
Package: hyperref 2016/05/05 v6.83n Hypertext links for LaTeX

(/usr/local/texlive/2016/texmf-dist/tex/generic/oberdiek/hobsub-hyperref.sty
Package: hobsub-hyperref 2016/05/16 v1.14 Bundle oberdiek, subset hyperref (HO)


(/usr/local/texlive/2016/texmf-dist/tex/generic/oberdiek/hobsub-generic.sty
Package: hobsub-generic 2016/05/16 v1.14 Bundle oberdiek, subset generic (HO)
Package: hobsub 2016/05/16 v1.14 Construct package bundles (HO)
Package: infwarerr 2016/05/16 v1.4 Providing info/warning/error messages (HO)
Package: ltxcmds 2016/05/16 v1.23 LaTeX kernel commands for general use (HO)
Package: ifluatex 2016/05/16 v1.4 Provides the ifluatex switch (HO)
Package ifluatex Info: LuaTeX not detected.
Package: ifvtex 2016/05/16 v1.6 Detect VTeX and its facilities (HO)
Package ifvtex Info: VTeX not detected.
Package: intcalc 2016/05/16 v1.2 Expandable calculations with integers (HO)
Package: ifpdf 2016/05/14 v3.1 Provides the ifpdf switch
Package: etexcmds 2016/05/16 v1.6 Avoid name clashes with e-TeX commands (HO)
Package etexcmds Info: Could not find \expanded.
(etexcmds)             That can mean that you are not using pdfTeX 1.50 or
(etexcmds)             that some package has redefined \expanded.
(etexcmds)             In the latter case, load this package earlier.
Package: kvsetkeys 2016/05/16 v1.17 Key value parser (HO)
Package: kvdefinekeys 2016/05/16 v1.4 Define keys (HO)
Package: pdftexcmds 2016/05/10 v0.21 Utility functions of pdfTeX for LuaTeX (HO
)
Package pdftexcmds Info: LuaTeX not detected.
Package pdftexcmds Info: \pdf@primitive is available.
Package pdftexcmds Info: \pdf@ifprimitive is available.
Package pdftexcmds Info: \pdfdraftmode found.
Package: pdfescape 2016/05/16 v1.14 Implements pdfTeX's escape features (HO)
Package: bigintcalc 2016/05/16 v1.4 Expandable calculations on big integers (HO
)
Package: bitset 2016/05/16 v1.2 Handle bit-vector datatype (HO)
Package: uniquecounter 2016/05/16 v1.3 Provide unlimited unique counter (HO)
)
Package hobsub Info: Skipping package `hobsub' (already loaded).
Package: letltxmacro 2016/05/16 v1.5 Let assignment for LaTeX macros (HO)
Package: hopatch 2016/05/16 v1.3 Wrapper for package hooks (HO)
Package: xcolor-patch 2016/05/16 xcolor patch
Package: atveryend 2016/05/16 v1.9 Hooks at the very end of document (HO)
Package atveryend Info: \enddocument detected (standard20110627).
Package: atbegshi 2016/05/16 v1.17 At begin shipout hook (HO)
Package: refcount 2016/05/16 v3.5 Data extraction from label references (HO)
Package: hycolor 2016/05/16 v1.8 Color options for hyperref/bookmark (HO)
)
(/usr/local/texlive/2016/texmf-dist/tex/latex/graphics/keyval.sty
Package: keyval 2014/10/28 v1.15 key=value parser (DPC)
\KV@toks@=\toks16
)
(/usr/local/texlive/2016/texmf-dist/tex/generic/ifxetex/ifxetex.sty
Package: ifxetex 2010/09/12 v0.6 Provides ifxetex conditional
)
(/usr/local/texlive/2016/texmf-dist/tex/latex/oberdiek/auxhook.sty
Package: auxhook 2016/05/16 v1.4 Hooks for auxiliary files (HO)
)
(/usr/local/texlive/2016/texmf-dist/tex/latex/oberdiek/kvoptions.sty
Package: kvoptions 2016/05/16 v3.12 Key value format for package options (HO)
)
\@linkdim=\dimen103
\Hy@linkcounter=\count87
\Hy@pagecounter=\count88

(/usr/local/texlive/2016/texmf-dist/tex/latex/hyperref/pd1enc.def
File: pd1enc.def 2016/05/05 v6.83n Hyperref: PDFDocEncoding definition (HO)
Now handling font encoding PD1 ...
... no UTF-8 mapping file for font encoding PD1
)
\Hy@SavedSpaceFactor=\count89

(/usr/local/texlive/2016/texmf-dist/tex/latex/latexconfig/hyperref.cfg
File: hyperref.cfg 2002/06/06 v1.2 hyperref configuration of TeXLive
)
Package hyperref Info: Hyper figures OFF on input line 4446.
Package hyperref Info: Link nesting OFF on input line 4451.
Package hyperref Info: Hyper index ON on input line 4454.
Package hyperref Info: Plain pages OFF on input line 4461.
Package hyperref Info: Backreferencing OFF on input line 4466.
Package hyperref Info: Implicit mode ON; LaTeX internals redefined.
Package hyperref Info: Bookmarks ON on input line 4691.
\c@Hy@tempcnt=\count90

(/usr/local/texlive/2016/texmf-dist/tex/latex/url/url.sty
\Urlmuskip=\muskip10
Package: url 2013/09/16  ver 3.4  Verb mode for urls, etc.
)
LaTeX Info: Redefining \url on input line 5044.
\XeTeXLinkMargin=\dimen104
\Fld@menulength=\count91
\Field@Width=\dimen105
\Fld@charsize=\dimen106
Package hyperref Info: Hyper figures OFF on input line 6298.
Package hyperref Info: Link nesting OFF on input line 6303.
Package hyperref Info: Hyper index ON on input line 6306.
Package hyperref Info: backreferencing OFF on input line 6313.
Package hyperref Info: Link coloring OFF on input line 6318.
Package hyperref Info: Link coloring with OCG OFF on input line 6323.
Package hyperref Info: PDF/A mode OFF on input line 6328.
LaTeX Info: Redefining \ref on input line 6368.
LaTeX Info: Redefining \pageref on input line 6372.
\Hy@abspage=\count92
\c@Item=\count93
\c@Hfootnote=\count94
)

Package hyperref Message: Driver (autodetected): hpdftex.

(/usr/local/texlive/2016/texmf-dist/tex/latex/hyperref/hpdftex.def
File: hpdftex.def 2016/05/05 v6.83n Hyperref driver for pdfTeX
\Fld@listcount=\count95
\c@bookmark@seq@number=\count96

(/usr/local/texlive/2016/texmf-dist/tex/latex/oberdiek/rerunfilecheck.sty
Package: rerunfilecheck 2016/05/16 v1.8 Rerun checks for auxiliary files (HO)
Package uniquecounter Info: New unique counter `rerunfilecheck' on input line 2
82.
)
\Hy@SectionHShift=\skip43
)
Package hyperref Info: Option `colorlinks' set `true' on input line 11.

(/usr/local/texlive/2016/texmf-dist/tex/latex/geometry/geometry.sty
Package: geometry 2010/09/12 v5.6 Page Geometry
\Gm@cnth=\count97
\Gm@cntv=\count98
\c@Gm@tempcnt=\count99
\Gm@bindingoffset=\dimen107
\Gm@wd@mp=\dimen108
\Gm@odd@mp=\dimen109
\Gm@even@mp=\dimen110
\Gm@layoutwidth=\dimen111
\Gm@layoutheight=\dimen112
\Gm@layouthoffset=\dimen113
\Gm@layoutvoffset=\dimen114
\Gm@dimlist=\toks17
)
(/usr/local/texlive/2016/texmf-dist/tex/latex/graphics/graphicx.sty
Package: graphicx 2014/10/28 v1.0g Enhanced LaTeX Graphics (DPC,SPQR)

(/usr/local/texlive/2016/texmf-dist/tex/latex/graphics/graphics.sty
Package: graphics 2016/05/09 v1.0r Standard LaTeX Graphics (DPC,SPQR)

(/usr/local/texlive/2016/texmf-dist/tex/latex/graphics/trig.sty
Package: trig 2016/01/03 v1.10 sin cos tan (DPC)
)
(/usr/local/texlive/2016/texmf-dist/tex/latex/graphics-cfg/graphics.cfg
File: graphics.cfg 2016/01/02 v1.10 sample graphics configuration
)
Package graphics Info: Driver file: pdftex.def on input line 96.

(/usr/local/texlive/2016/texmf-dist/tex/latex/pdftex-def/pdftex.def
File: pdftex.def 2011/05/27 v0.06d Graphics/color for pdfTeX
\Gread@gobject=\count100
))
\Gin@req@height=\dimen115
\Gin@req@width=\dimen116
)
(/usr/local/texlive/2016/texmf-dist/tex/latex/booktabs/booktabs.sty
Package: booktabs 2016/04/27 v1.618033 publication quality tables
\heavyrulewidth=\dimen117
\lightrulewidth=\dimen118
\cmidrulewidth=\dimen119
\belowrulesep=\dimen120
\belowbottomsep=\dimen121
\aboverulesep=\dimen122
\abovetopsep=\dimen123
\cmidrulesep=\dimen124
\cmidrulekern=\dimen125
\defaultaddspace=\dimen126
\@cmidla=\count101
\@cmidlb=\count102
\@aboverulesep=\dimen127
\@belowrulesep=\dimen128
\@thisruleclass=\count103
\@lastruleclass=\count104
\@thisrulewidth=\dimen129
)
(/usr/local/texlive/2016/texmf-dist/tex/latex/tools/array.sty
Package: array 2014/10/28 v2.4c Tabular extension package (FMi)
\col@sep=\dimen130
\extrarowheight=\dimen131
\NC@list=\toks18
\extratabsurround=\skip44
\backup@length=\skip45
)
(/usr/local/texlive/2016/texmf-dist/tex/latex/paralist/paralist.sty
Package: paralist 2015/12/30 v2.5 Extended list environments
\pltopsep=\skip46
\plpartopsep=\skip47
\plitemsep=\skip48
\plparsep=\skip49
\pl@lab=\toks19
)
(/usr/local/texlive/2016/texmf-dist/tex/latex/tools/verbatim.sty
Package: verbatim 2014/10/28 v1.5q LaTeX2e package for verbatim enhancements
\every@verbatim=\toks20
\verbatim@line=\toks21
\verbatim@in@stream=\read1
)
(/usr/local/texlive/2016/texmf-dist/tex/latex/subfig/subfig.sty
Package: subfig 2005/06/28 ver: 1.3 subfig package

(/usr/local/texlive/2016/texmf-dist/tex/latex/caption/caption.sty
Package: caption 2016/02/21 v3.3-144 Customizing captions (AR)

(/usr/local/texlive/2016/texmf-dist/tex/latex/caption/caption3.sty
Package: caption3 2016/02/04 v1.7-139 caption3 kernel (AR)
Package caption3 Info: TeX engine: e-TeX on input line 67.
\captionmargin=\dimen132
\captionmargin@=\dimen133
\captionwidth=\dimen134
\caption@tempdima=\dimen135
\caption@indent=\dimen136
\caption@parindent=\dimen137
\caption@hangindent=\dimen138
)
\c@ContinuedFloat=\count105
Package caption Info: hyperref package is loaded.
)
\c@KVtest=\count106
\sf@farskip=\skip50
\sf@captopadj=\dimen139
\sf@capskip=\skip51
\sf@nearskip=\skip52
\c@subfigure=\count107
\c@subfigure@save=\count108
\c@lofdepth=\count109
\c@subtable=\count110
\c@subtable@save=\count111
\c@lotdepth=\count112
\sf@top=\skip53
\sf@bottom=\skip54
)
(/usr/local/texlive/2016/texmf-dist/tex/latex/fancyhdr/fancyhdr.sty
\fancy@headwidth=\skip55
\f@ncyO@elh=\skip56
\f@ncyO@erh=\skip57
\f@ncyO@olh=\skip58
\f@ncyO@orh=\skip59
\f@ncyO@elf=\skip60
\f@ncyO@erf=\skip61
\f@ncyO@olf=\skip62
\f@ncyO@orf=\skip63
)
(/usr/local/texlive/2016/texmf-dist/tex/latex/sectsty/sectsty.sty
Package: sectsty 2002/02/25 v2.0.2 Commands to change all sectional heading sty
les
)
(/usr/local/texlive/2016/texmf-dist/tex/latex/tocbibind/tocbibind.sty
Package: tocbibind 2010/10/13 v1.5k extra ToC listings
Package tocbibind Info: The document has section divisions on input line 50.


Package tocbibind Note: Using section or other style headings.

) (/usr/local/texlive/2016/texmf-dist/tex/latex/tocloft/tocloft.sty
Package: tocloft 2013/05/02 v2.3f parameterised ToC, etc., typesetting
Package tocloft Info: The document has section divisions on input line 44.
\cftparskip=\skip64
\cftbeforetoctitleskip=\skip65
\cftaftertoctitleskip=\skip66
\cftbeforepartskip=\skip67
\cftpartnumwidth=\skip68
\cftpartindent=\skip69
\cftbeforesecskip=\skip70
\cftsecindent=\skip71
\cftsecnumwidth=\skip72
\cftbeforesubsecskip=\skip73
\cftsubsecindent=\skip74
\cftsubsecnumwidth=\skip75
\cftbeforesubsubsecskip=\skip76
\cftsubsubsecindent=\skip77
\cftsubsubsecnumwidth=\skip78
\cftbeforeparaskip=\skip79
\cftparaindent=\skip80
\cftparanumwidth=\skip81
\cftbeforesubparaskip=\skip82
\cftsubparaindent=\skip83
\cftsubparanumwidth=\skip84
\cftbeforeloftitleskip=\skip85
\cftafterloftitleskip=\skip86
\cftbeforefigskip=\skip87
\cftfigindent=\skip88
\cftfignumwidth=\skip89
\cftbeforelottitleskip=\skip90
\cftafterlottitleskip=\skip91
\cftbeforetabskip=\skip92
\cfttabindent=\skip93
\cfttabnumwidth=\skip94
\cftbeforesubfigskip=\skip95
\cftsubfigindent=\skip96
\cftsubfignumwidth=\skip97
\cftbeforesubtabskip=\skip98
\cftsubtabindent=\skip99
\cftsubtabnumwidth=\skip100
)
(/usr/local/texlive/2016/texmf-dist/tex/latex/graphics/color.sty
Package: color 2016/05/09 v1.1c Standard LaTeX Color (DPC)

(/usr/local/texlive/2016/texmf-dist/tex/latex/graphics-cfg/color.cfg
File: color.cfg 2016/01/02 v1.6 sample color configuration
)
Package color Info: Driver file: pdftex.def on input line 144.
)
(/usr/local/texlive/2016/texmf-dist/tex/latex/float/float.sty
Package: float 2001/11/08 v1.3d Float enhancements (AL)
\c@float@type=\count113
\float@exts=\toks22
\float@box=\box26
\@float@everytoks=\toks23
\@floatcapt=\box27
)
(/usr/local/texlive/2016/texmf-dist/tex/latex/placeins/placeins.sty
Package: placeins 2005/04/18  v 2.2
)
(/usr/local/texlive/2016/texmf-dist/tex/latex/adjustbox/adjustbox.sty
Package: adjustbox 2012/05/21 v1.0 Adjusting TeX boxes (trim, clip, ...)

(/usr/local/texlive/2016/texmf-dist/tex/latex/xkeyval/xkeyval.sty
Package: xkeyval 2014/12/03 v2.7a package option processing (HA)

(/usr/local/texlive/2016/texmf-dist/tex/generic/xkeyval/xkeyval.tex
(/usr/local/texlive/2016/texmf-dist/tex/generic/xkeyval/xkvutils.tex
\XKV@toks=\toks24
\XKV@tempa@toks=\toks25
)
\XKV@depth=\count114
File: xkeyval.tex 2014/12/03 v2.7a key=value parser (HA)
))
(/usr/local/texlive/2016/texmf-dist/tex/latex/adjustbox/adjcalc.sty
Package: adjcalc 2012/05/16 v1.1 Provides advanced setlength with multiple back
-ends (calc, etex, pgfmath)
)
(/usr/local/texlive/2016/texmf-dist/tex/latex/adjustbox/trimclip.sty
Package: trimclip 2012/05/16 v1.0 Trim and clip general TeX material

(/usr/local/texlive/2016/texmf-dist/tex/latex/collectbox/collectbox.sty
Package: collectbox 2012/05/17 v0.4b Collect macro arguments as boxes
\collectedbox=\box28
)
\tc@llx=\dimen140
\tc@lly=\dimen141
\tc@urx=\dimen142
\tc@ury=\dimen143
Package trimclip Info: Using driver 'tc-pdftex.def'.

(/usr/local/texlive/2016/texmf-dist/tex/latex/adjustbox/tc-pdftex.def
File: tc-pdftex.def 2012/05/13 v1.0 Clipping driver for pdftex
))
\adjbox@Width=\dimen144
\adjbox@Height=\dimen145
\adjbox@Depth=\dimen146
\adjbox@Totalheight=\dimen147

(/usr/local/texlive/2016/texmf-dist/tex/latex/ifoddpage/ifoddpage.sty
Package: ifoddpage 2016/04/23 v1.1 Conditionals for odd/even page detection
\c@checkoddpage=\count115
)
(/usr/local/texlive/2016/texmf-dist/tex/latex/varwidth/varwidth.sty
Package: varwidth 2009/03/30 ver 0.92;  Variable-width minipages
\@vwid@box=\box29
\sift@deathcycles=\count116
\@vwid@loff=\dimen148
\@vwid@roff=\dimen149
))
(/usr/local/texlive/2016/texmf-dist/tex/latex/apacite/apacite.sty
Package: apacite 2013/07/21 v6.03 APA citation
\c@BibCnt=\count117
\bibleftmargin=\skip101
\bibindent=\skip102
\bibparsep=\skip103
\bibitemsep=\skip104
\biblabelsep=\skip105
)
(/usr/local/texlive/2016/texmf-dist/tex/latex/natbib/natbib.sty
Package: natbib 2010/09/13 8.31b (PWD, AO)
\bibhang=\skip106
\bibsep=\skip107
LaTeX Info: Redefining \cite on input line 694.
LaTeX Info: Redefining \citeauthor on input line 712.
LaTeX Info: Redefining \citeyear on input line 735.
\c@NAT@ctr=\count118
)
(/usr/local/texlive/2016/texmf-dist/tex/latex/amsmath/amsmath.sty
Package: amsmath 2016/03/10 v2.15b AMS math features
\@mathmargin=\skip108

For additional information on amsmath, use the `?' option.
(/usr/local/texlive/2016/texmf-dist/tex/latex/amsmath/amstext.sty
Package: amstext 2000/06/29 v2.01 AMS text

(/usr/local/texlive/2016/texmf-dist/tex/latex/amsmath/amsgen.sty
File: amsgen.sty 1999/11/30 v2.0 generic functions
\@emptytoks=\toks26
\ex@=\dimen150
))
(/usr/local/texlive/2016/texmf-dist/tex/latex/amsmath/amsbsy.sty
Package: amsbsy 1999/11/29 v1.2d Bold Symbols
\pmbraise@=\dimen151
)
(/usr/local/texlive/2016/texmf-dist/tex/latex/amsmath/amsopn.sty
Package: amsopn 2016/03/08 v2.02 operator names
)
\inf@bad=\count119
LaTeX Info: Redefining \frac on input line 199.
\uproot@=\count120
\leftroot@=\count121
LaTeX Info: Redefining \overline on input line 297.
\classnum@=\count122
\DOTSCASE@=\count123
LaTeX Info: Redefining \ldots on input line 394.
LaTeX Info: Redefining \dots on input line 397.
LaTeX Info: Redefining \cdots on input line 518.
\Mathstrutbox@=\box30
\strutbox@=\box31
\big@size=\dimen152
LaTeX Font Info:    Redeclaring font encoding OML on input line 634.
LaTeX Font Info:    Redeclaring font encoding OMS on input line 635.
\macc@depth=\count124
\c@MaxMatrixCols=\count125
\dotsspace@=\muskip11
\c@parentequation=\count126
\dspbrk@lvl=\count127
\tag@help=\toks27
\row@=\count128
\column@=\count129
\maxfields@=\count130
\andhelp@=\toks28
\eqnshift@=\dimen153
\alignsep@=\dimen154
\tagshift@=\dimen155
\tagwidth@=\dimen156
\totwidth@=\dimen157
\lineht@=\dimen158
\@envbody=\toks29
\multlinegap=\skip109
\multlinetaggap=\skip110
\mathdisplay@stack=\toks30
LaTeX Info: Redefining \[ on input line 2739.
LaTeX Info: Redefining \] on input line 2740.
)
(/usr/local/texlive/2016/texmf-dist/tex/latex/setspace/setspace.sty
Package: setspace 2011/12/19 v6.7a set line spacing
)
(./project_tree.aux

LaTeX Warning: Label `sub:logistic_regression' multiply defined.


LaTeX Warning: Label `sub:neural_network' multiply defined.

)
\openout1 = `project_tree.aux'.

LaTeX Font Info:    Checking defaults for OML/cmm/m/it on input line 84.
LaTeX Font Info:    ... okay on input line 84.
LaTeX Font Info:    Checking defaults for T1/cmr/m/n on input line 84.
LaTeX Font Info:    ... okay on input line 84.
LaTeX Font Info:    Checking defaults for OT1/cmr/m/n on input line 84.
LaTeX Font Info:    ... okay on input line 84.
LaTeX Font Info:    Checking defaults for OMS/cmsy/m/n on input line 84.
LaTeX Font Info:    ... okay on input line 84.
LaTeX Font Info:    Checking defaults for OMX/cmex/m/n on input line 84.
LaTeX Font Info:    ... okay on input line 84.
LaTeX Font Info:    Checking defaults for U/cmr/m/n on input line 84.
LaTeX Font Info:    ... okay on input line 84.
LaTeX Font Info:    Checking defaults for PD1/pdf/m/n on input line 84.
LaTeX Font Info:    ... okay on input line 84.
\AtBeginShipoutBox=\box32
Package hyperref Info: Link coloring ON on input line 84.
 (/usr/local/texlive/2016/texmf-dist/tex/latex/hyperref/nameref.sty
Package: nameref 2012/10/27 v2.43 Cross-referencing by name of section

(/usr/local/texlive/2016/texmf-dist/tex/generic/oberdiek/gettitlestring.sty
Package: gettitlestring 2016/05/16 v1.5 Cleanup title references (HO)
)
\c@section@level=\count131
)
LaTeX Info: Redefining \ref on input line 84.
LaTeX Info: Redefining \pageref on input line 84.
LaTeX Info: Redefining \nameref on input line 84.

(./project_tree.out) (./project_tree.out)
\@outlinefile=\write3
\openout3 = `project_tree.out'.


*geometry* driver: auto-detecting
*geometry* detected driver: pdftex
*geometry* verbose mode - [ preamble ] result:
* driver: pdftex
* paper: a4paper
* layout: <same size as paper>
* layoutoffset:(h,v)=(0.0pt,0.0pt)
* modes: 
* h-part:(L,W,R)=(72.26999pt, 452.9679pt, 72.26999pt)
* v-part:(T,H,B)=(65.04256pt, 714.96173pt, 65.04256pt)
* \paperwidth=597.50787pt
* \paperheight=845.04684pt
* \textwidth=452.9679pt
* \textheight=714.96173pt
* \oddsidemargin=0.0pt
* \evensidemargin=0.0pt
* \topmargin=-44.22743pt
* \headheight=12.0pt
* \headsep=25.0pt
* \topskip=11.0pt
* \footskip=30.0pt
* \marginparwidth=59.0pt
* \marginparsep=10.0pt
* \columnsep=10.0pt
* \skip\footins=10.0pt plus 4.0pt minus 2.0pt
* \hoffset=0.0pt
* \voffset=0.0pt
* \mag=1000
* \@twocolumnfalse
* \@twosidefalse
* \@mparswitchfalse
* \@reversemarginfalse
* (1in=72.27pt=25.4mm, 1cm=28.453pt)

(/usr/local/texlive/2016/texmf-dist/tex/context/base/mkii/supp-pdf.mkii
[Loading MPS to PDF converter (version 2006.09.02).]
\scratchcounter=\count132
\scratchdimen=\dimen159
\scratchbox=\box33
\nofMPsegments=\count133
\nofMParguments=\count134
\everyMPshowfont=\toks31
\MPscratchCnt=\count135
\MPscratchDim=\dimen160
\MPnumerator=\count136
\makeMPintoPDFobject=\count137
\everyMPtoPDFconversion=\toks32
) (/usr/local/texlive/2016/texmf-dist/tex/latex/oberdiek/epstopdf-base.sty
Package: epstopdf-base 2016/05/15 v2.6 Base part for package epstopdf

(/usr/local/texlive/2016/texmf-dist/tex/latex/oberdiek/grfext.sty
Package: grfext 2016/05/16 v1.2 Manage graphics extensions (HO)
)
Package grfext Info: Graphics extension search list:
(grfext)             [.png,.pdf,.jpg,.mps,.jpeg,.jbig2,.jb2,.PNG,.PDF,.JPG,.JPE
G,.JBIG2,.JB2,.eps]
(grfext)             \AppendGraphicsExtensions on input line 456.

(/usr/local/texlive/2016/texmf-dist/tex/latex/latexconfig/epstopdf-sys.cfg
File: epstopdf-sys.cfg 2010/07/13 v1.3 Configuration of (r)epstopdf for TeX Liv
e
))
Package caption Info: Begin \AtBeginDocument code.
Package caption Info: subfig package v1.3 is loaded.
Package caption Info: float package is loaded.
Package caption Info: End \AtBeginDocument code.
\c@maskedRefs=\count138

(/usr/local/texlive/2016/texmf-dist/tex/latex/apacite/english.apc
File: english.apc 2013/07/21 v6.03 apacite language file
LaTeX Info: Redefining \BPBI on input line 129.
LaTeX Info: Redefining \BHBI on input line 130.
)
LaTeX Font Info:    Try loading font information for OMS+cmr on input line 89.

(/usr/local/texlive/2016/texmf-dist/tex/latex/base/omscmr.fd
File: omscmr.fd 2014/09/29 v2.5h Standard LaTeX font definitions
)
LaTeX Font Info:    Font shape `OMS/cmr/m/n' in size <8> not available
(Font)              Font shape `OMS/cmsy/m/n' tried instead on input line 89.
LaTeX Font Info:    Font shape `OMS/cmr/m/n' in size <6> not available
(Font)              Font shape `OMS/cmsy/m/n' tried instead on input line 89.

(./content/abstract.tex) [1

{/usr/local/texlive/2016/texmf-var/fonts/map/pdftex/updmap/pdftex.map}] (./proj
ect_tree.toc)
\tf@toc=\write4
\openout4 = `project_tree.toc'.

 [2

] (./project_tree.lof)
\tf@lof=\write5
\openout5 = `project_tree.lof'.


(./project_tree.lot)
\tf@lot=\write6
\openout6 = `project_tree.lot'.

 [3

] (./content/intro.tex [4]) (./content/lit_review.tex
[5] [6] [7]) (./content/data.tex [8] [9]) (./content/method.tex [10]
</Users/charlvanschoor/Documents/Gottingen/ML/ML-Applications-CVS/LDA_consumer_
analysis/paper/content/graphs/LDA.pdf, id=277, 538.01pt x 520.94624pt>
File: /Users/charlvanschoor/Documents/Gottingen/ML/ML-Applications-CVS/LDA_cons
umer_analysis/paper/content/graphs/LDA.pdf Graphic file (type pdf)

<use /Users/charlvanschoor/Documents/Gottingen/ML/ML-Applications-CVS/LDA_consu
mer_analysis/paper/content/graphs/LDA.pdf>
Package pdftex.def Info: /Users/charlvanschoor/Documents/Gottingen/ML/ML-Applic
ations-CVS/LDA_consumer_analysis/paper/content/graphs/LDA.pdf used on input lin
e 48.
(pdftex.def)             Requested size: 452.9679pt x 438.60138pt.

</Users/charlvanschoor/Documents/Gottingen/ML/ML-Applications-CVS/LDA_consumer_
analysis/paper/content/graphs/norm.pdf, id=278, 573.14125pt x 82.3075pt>
File: /Users/charlvanschoor/Documents/Gottingen/ML/ML-Applications-CVS/LDA_cons
umer_analysis/paper/content/graphs/norm.pdf Graphic file (type pdf)

<use /Users/charlvanschoor/Documents/Gottingen/ML/ML-Applications-CVS/LDA_consu
mer_analysis/paper/content/graphs/norm.pdf>
Package pdftex.def Info: /Users/charlvanschoor/Documents/Gottingen/ML/ML-Applic
ations-CVS/LDA_consumer_analysis/paper/content/graphs/norm.pdf used on input li
ne 53.
(pdftex.def)             Requested size: 452.9679pt x 65.05107pt.


LaTeX Warning: `!h' float specifier changed to `!ht'.

[11 </Users/charlvanschoor/Documents/Gottingen/ML/ML-Applications-CVS/LDA_consu
mer_analysis/paper/content/graphs/LDA.pdf, page is rotated 90 degrees>]
[12 </Users/charlvanschoor/Documents/Gottingen/ML/ML-Applications-CVS/LDA_consu
mer_analysis/paper/content/graphs/norm.pdf>]) (./content/results.tex
</Users/charlvanschoor/Documents/Gottingen/ML/ML-Applications-CVS/LDA_consumer_
analysis/src/output/product-distribution-per-topic/product-distribution-per-30-
topic.pdf, id=308, 505.89pt x 216.81pt>
File: /Users/charlvanschoor/Documents/Gottingen/ML/ML-Applications-CVS/LDA_cons
umer_analysis/src/output/product-distribution-per-topic/product-distribution-pe
r-30-topic.pdf Graphic file (type pdf)

<use /Users/charlvanschoor/Documents/Gottingen/ML/ML-Applications-CVS/LDA_consu
mer_analysis/src/output/product-distribution-per-topic/product-distribution-per
-30-topic.pdf>
Package pdftex.def Info: /Users/charlvanschoor/Documents/Gottingen/ML/ML-Applic
ations-CVS/LDA_consumer_analysis/src/output/product-distribution-per-topic/prod
uct-distribution-per-30-topic.pdf used on input line 18.
(pdftex.def)             Requested size: 407.66833pt x 174.7186pt.


LaTeX Warning: `!h' float specifier changed to `!ht'.


</Users/charlvanschoor/Documents/Gottingen/ML/ML-Applications-CVS/LDA_consumer_
analysis/src/output/topic-distributions-per-product/30-topic-distribution-per-p
roduct.pdf, id=309, 505.89pt x 505.89pt>
File: /Users/charlvanschoor/Documents/Gottingen/ML/ML-Applications-CVS/LDA_cons
umer_analysis/src/output/topic-distributions-per-product/30-topic-distribution-
per-product.pdf Graphic file (type pdf)

<use /Users/charlvanschoor/Documents/Gottingen/ML/ML-Applications-CVS/LDA_consu
mer_analysis/src/output/topic-distributions-per-product/30-topic-distribution-p
er-product.pdf>
Package pdftex.def Info: /Users/charlvanschoor/Documents/Gottingen/ML/ML-Applic
ations-CVS/LDA_consumer_analysis/src/output/topic-distributions-per-product/30-
topic-distribution-per-product.pdf used on input line 24.
(pdftex.def)             Requested size: 407.66833pt x 407.67673pt.


LaTeX Warning: `!h' float specifier changed to `!ht'.

[13] [14 </Users/charlvanschoor/Documents/Gottingen/ML/ML-Applications-CVS/LDA_
consumer_analysis/src/output/product-distribution-per-topic/product-distributio
n-per-30-topic.pdf> </Users/charlvanschoor/Documents/Gottingen/ML/ML-Applicatio
ns-CVS/LDA_consumer_analysis/src/output/topic-distributions-per-product/30-topi
c-distribution-per-product.pdf>]
</Users/charlvanschoor/Documents/Gottingen/ML/ML-Applications-CVS/LDA_consumer_
analysis/src/output/top-words-per-topic/top-6-words-in-each30-topics.pdf, id=33
8, 505.89pt x 505.89pt>
File: /Users/charlvanschoor/Documents/Gottingen/ML/ML-Applications-CVS/LDA_cons
umer_analysis/src/output/top-words-per-topic/top-6-words-in-each30-topics.pdf G
raphic file (type pdf)

<use /Users/charlvanschoor/Documents/Gottingen/ML/ML-Applications-CVS/LDA_consu
mer_analysis/src/output/top-words-per-topic/top-6-words-in-each30-topics.pdf>
Package pdftex.def Info: /Users/charlvanschoor/Documents/Gottingen/ML/ML-Applic
ations-CVS/LDA_consumer_analysis/src/output/top-words-per-topic/top-6-words-in-
each30-topics.pdf used on input line 35.
(pdftex.def)             Requested size: 407.66833pt x 407.67673pt.

[15 </Users/charlvanschoor/Documents/Gottingen/ML/ML-Applications-CVS/LDA_consu
mer_analysis/src/output/top-words-per-topic/top-6-words-in-each30-topics.pdf>]
</Users/charlvanschoor/Documents/Gottingen/ML/ML-Applications-CVS/LDA_consumer_
analysis/src/output/GLM-significantPlots/sigPvalue_NUM_TOPICS100.pdf, id=351, 5
05.89pt x 505.89pt>
File: /Users/charlvanschoor/Documents/Gottingen/ML/ML-Applications-CVS/LDA_cons
umer_analysis/src/output/GLM-significantPlots/sigPvalue_NUM_TOPICS100.pdf Graph
ic file (type pdf)

<use /Users/charlvanschoor/Documents/Gottingen/ML/ML-Applications-CVS/LDA_consu
mer_analysis/src/output/GLM-significantPlots/sigPvalue_NUM_TOPICS100.pdf>
Package pdftex.def Info: /Users/charlvanschoor/Documents/Gottingen/ML/ML-Applic
ations-CVS/LDA_consumer_analysis/src/output/GLM-significantPlots/sigPvalue_NUM_
TOPICS100.pdf used on input line 58.
(pdftex.def)             Requested size: 317.07614pt x 317.08362pt.


LaTeX Warning: `!h' float specifier changed to `!ht'.

[16]
</Users/charlvanschoor/Documents/Gottingen/ML/ML-Applications-CVS/LDA_consumer_
analysis/src/output/confusion-matrices/conf-matrix_NUM_TOPICS100.pdf, id=360, 5
05.89pt x 505.89pt>
File: /Users/charlvanschoor/Documents/Gottingen/ML/ML-Applications-CVS/LDA_cons
umer_analysis/src/output/confusion-matrices/conf-matrix_NUM_TOPICS100.pdf Graph
ic file (type pdf)

<use /Users/charlvanschoor/Documents/Gottingen/ML/ML-Applications-CVS/LDA_consu
mer_analysis/src/output/confusion-matrices/conf-matrix_NUM_TOPICS100.pdf>
Package pdftex.def Info: /Users/charlvanschoor/Documents/Gottingen/ML/ML-Applic
ations-CVS/LDA_consumer_analysis/src/output/confusion-matrices/conf-matrix_NUM_
TOPICS100.pdf used on input line 76.
(pdftex.def)             Requested size: 226.48395pt x 226.48277pt.


LaTeX Warning: `!h' float specifier changed to `!ht'.


</Users/charlvanschoor/Documents/Gottingen/ML/ML-Applications-CVS/LDA_consumer_
analysis/src/output/confusion-metrics/conf-metrics-_NUM_TOPICS100.pdf, id=361, 
505.89pt x 505.89pt>
File: /Users/charlvanschoor/Documents/Gottingen/ML/ML-Applications-CVS/LDA_cons
umer_analysis/src/output/confusion-metrics/conf-metrics-_NUM_TOPICS100.pdf Grap
hic file (type pdf)

<use /Users/charlvanschoor/Documents/Gottingen/ML/ML-Applications-CVS/LDA_consu
mer_analysis/src/output/confusion-metrics/conf-metrics-_NUM_TOPICS100.pdf>
Package pdftex.def Info: /Users/charlvanschoor/Documents/Gottingen/ML/ML-Applic
ations-CVS/LDA_consumer_analysis/src/output/confusion-metrics/conf-metrics-_NUM
_TOPICS100.pdf used on input line 81.
(pdftex.def)             Requested size: 362.37569pt x 362.38017pt.


LaTeX Warning: `!h' float specifier changed to `!ht'.

[17 </Users/charlvanschoor/Documents/Gottingen/ML/ML-Applications-CVS/LDA_consu
mer_analysis/src/output/GLM-significantPlots/sigPvalue_NUM_TOPICS100.pdf>]
</Users/charlvanschoor/Documents/Gottingen/ML/ML-Applications-CVS/LDA_consumer_
analysis/src/runs/graphs/test_acc.pdf, id=374, 545.03625pt x 427.5975pt>
File: /Users/charlvanschoor/Documents/Gottingen/ML/ML-Applications-CVS/LDA_cons
umer_analysis/src/runs/graphs/test_acc.pdf Graphic file (type pdf)

<use /Users/charlvanschoor/Documents/Gottingen/ML/ML-Applications-CVS/LDA_consu
mer_analysis/src/runs/graphs/test_acc.pdf>
Package pdftex.def Info: /Users/charlvanschoor/Documents/Gottingen/ML/ML-Applic
ations-CVS/LDA_consumer_analysis/src/runs/graphs/test_acc.pdf used on input lin
e 99.
(pdftex.def)             Requested size: 317.07614pt x 248.75705pt.


LaTeX Warning: `!h' float specifier changed to `!ht'.


</Users/charlvanschoor/Documents/Gottingen/ML/ML-Applications-CVS/LDA_consumer_
analysis/src/runs/graphs/test_loss.pdf, id=375, 545.03625pt x 427.5975pt>
File: /Users/charlvanschoor/Documents/Gottingen/ML/ML-Applications-CVS/LDA_cons
umer_analysis/src/runs/graphs/test_loss.pdf Graphic file (type pdf)

<use /Users/charlvanschoor/Documents/Gottingen/ML/ML-Applications-CVS/LDA_consu
mer_analysis/src/runs/graphs/test_loss.pdf>
Package pdftex.def Info: /Users/charlvanschoor/Documents/Gottingen/ML/ML-Applic
ations-CVS/LDA_consumer_analysis/src/runs/graphs/test_loss.pdf used on input li
ne 105.
(pdftex.def)             Requested size: 317.07614pt x 248.75705pt.


LaTeX Warning: `!h' float specifier changed to `!ht'.


</Users/charlvanschoor/Documents/Gottingen/ML/ML-Applications-CVS/LDA_consumer_
analysis/src/runs/graphs/val_acc.pdf, id=376, 545.03625pt x 427.5975pt>
File: /Users/charlvanschoor/Documents/Gottingen/ML/ML-Applications-CVS/LDA_cons
umer_analysis/src/runs/graphs/val_acc.pdf Graphic file (type pdf)

<use /Users/charlvanschoor/Documents/Gottingen/ML/ML-Applications-CVS/LDA_consu
mer_analysis/src/runs/graphs/val_acc.pdf>
Package pdftex.def Info: /Users/charlvanschoor/Documents/Gottingen/ML/ML-Applic
ations-CVS/LDA_consumer_analysis/src/runs/graphs/val_acc.pdf used on input line
 111.
(pdftex.def)             Requested size: 317.07614pt x 248.75705pt.


LaTeX Warning: `!h' float specifier changed to `!ht'.


</Users/charlvanschoor/Documents/Gottingen/ML/ML-Applications-CVS/LDA_consumer_
analysis/src/runs/graphs/val_loss.pdf, id=377, 545.03625pt x 427.5975pt>
File: /Users/charlvanschoor/Documents/Gottingen/ML/ML-Applications-CVS/LDA_cons
umer_analysis/src/runs/graphs/val_loss.pdf Graphic file (type pdf)

<use /Users/charlvanschoor/Documents/Gottingen/ML/ML-Applications-CVS/LDA_consu
mer_analysis/src/runs/graphs/val_loss.pdf>
Package pdftex.def Info: /Users/charlvanschoor/Documents/Gottingen/ML/ML-Applic
ations-CVS/LDA_consumer_analysis/src/runs/graphs/val_loss.pdf used on input lin
e 117.
(pdftex.def)             Requested size: 317.07614pt x 248.75705pt.


LaTeX Warning: `!h' float specifier changed to `!ht'.

) (./content/conclusion.tex [18 </Users/charlvanschoor/Documents/Gottingen/ML/M
L-Applications-CVS/LDA_consumer_analysis/src/output/confusion-matrices/conf-mat
rix_NUM_TOPICS100.pdf> </Users/charlvanschoor/Documents/Gottingen/ML/ML-Applica
tions-CVS/LDA_consumer_analysis/src/output/confusion-metrics/conf-metrics-_NUM_
TOPICS100.pdf>] [19 </Users/charlvanschoor/Documents/Gottingen/ML/ML-Applicatio
ns-CVS/LDA_consumer_analysis/src/runs/graphs/test_acc.pdf> </Users/charlvanscho
or/Documents/Gottingen/ML/ML-Applications-CVS/LDA_consumer_analysis/src/runs/gr
aphs/test_loss.pdf>] [20 </Users/charlvanschoor/Documents/Gottingen/ML/ML-Appli
cations-CVS/LDA_consumer_analysis/src/runs/graphs/val_acc.pdf> </Users/charlvan
schoor/Documents/Gottingen/ML/ML-Applications-CVS/LDA_consumer_analysis/src/run
s/graphs/val_loss.pdf>]) (./project_tree.bbl [21

] [22]) [23]
(./content/appendix.tex
LaTeX Font Info:    Try loading font information for OML+cmr on input line 25.

(/usr/local/texlive/2016/texmf-dist/tex/latex/base/omlcmr.fd
File: omlcmr.fd 2014/09/29 v2.5h Standard LaTeX font definitions
)
LaTeX Font Info:    Font shape `OML/cmr/m/n' in size <10.95> not available
(Font)              Font shape `OML/cmm/m/it' tried instead on input line 25.
 [24

]
</Users/charlvanschoor/Documents/Gottingen/ML/ML-Applications-CVS/LDA_consumer_
analysis/paper/content/graphs/topicsper30_before_wiki.pdf, id=444, 504.88625pt 
x 722.7pt>
File: /Users/charlvanschoor/Documents/Gottingen/ML/ML-Applications-CVS/LDA_cons
umer_analysis/paper/content/graphs/topicsper30_before_wiki.pdf Graphic file (ty
pe pdf)

<use /Users/charlvanschoor/Documents/Gottingen/ML/ML-Applications-CVS/LDA_consu
mer_analysis/paper/content/graphs/topicsper30_before_wiki.pdf>
Package pdftex.def Info: /Users/charlvanschoor/Documents/Gottingen/ML/ML-Applic
ations-CVS/LDA_consumer_analysis/paper/content/graphs/topicsper30_before_wiki.p
df used on input line 42.
(pdftex.def)             Requested size: 452.9679pt x 648.39493pt.

</Users/charlvanschoor/Documents/Gottingen/ML/ML-Applications-CVS/LDA_consumer_
analysis/paper/content/graphs/word-count-per-product.pdf, id=445, 289.08pt x 14
4.54pt>
File: /Users/charlvanschoor/Documents/Gottingen/ML/ML-Applications-CVS/LDA_cons
umer_analysis/paper/content/graphs/word-count-per-product.pdf Graphic file (typ
e pdf)

<use /Users/charlvanschoor/Documents/Gottingen/ML/ML-Applications-CVS/LDA_consu
mer_analysis/paper/content/graphs/word-count-per-product.pdf>
Package pdftex.def Info: /Users/charlvanschoor/Documents/Gottingen/ML/ML-Applic
ations-CVS/LDA_consumer_analysis/paper/content/graphs/word-count-per-product.pd
f used on input line 46.
(pdftex.def)             Requested size: 498.26744pt x 249.14647pt.

Overfull \hbox (45.29955pt too wide) in paragraph at lines 46--47
 [][] 
 []


</Users/charlvanschoor/Documents/Gottingen/ML/ML-Applications-CVS/LDA_consumer_
analysis/src/output/CPP-distribution/CPP_distribution.png, id=446, 481.8pt x 48
1.8pt>
File: /Users/charlvanschoor/Documents/Gottingen/ML/ML-Applications-CVS/LDA_cons
umer_analysis/src/output/CPP-distribution/CPP_distribution.png Graphic file (ty
pe png)

<use /Users/charlvanschoor/Documents/Gottingen/ML/ML-Applications-CVS/LDA_consu
mer_analysis/src/output/CPP-distribution/CPP_distribution.png>
Package pdftex.def Info: /Users/charlvanschoor/Documents/Gottingen/ML/ML-Applic
ations-CVS/LDA_consumer_analysis/src/output/CPP-distribution/CPP_distribution.p
ng used on input line 51.
(pdftex.def)             Requested size: 498.26744pt x 498.28123pt.

Overfull \hbox (45.29955pt too wide) in paragraph at lines 51--52
 [][] 
 []


</Users/charlvanschoor/Documents/Gottingen/ML/ML-Applications-CVS/LDA_consumer_
analysis/src/output/CES-distributions/AGE.pdf, id=448, 505.89pt x 216.81pt>
File: /Users/charlvanschoor/Documents/Gottingen/ML/ML-Applications-CVS/LDA_cons
umer_analysis/src/output/CES-distributions/AGE.pdf Graphic file (type pdf)

<use /Users/charlvanschoor/Documents/Gottingen/ML/ML-Applications-CVS/LDA_consu
mer_analysis/src/output/CES-distributions/AGE.pdf>
Package pdftex.def Info: /Users/charlvanschoor/Documents/Gottingen/ML/ML-Applic
ations-CVS/LDA_consumer_analysis/src/output/CES-distributions/AGE.pdf used on i
nput line 58.
(pdftex.def)             Requested size: 498.26744pt x 213.54752pt.

Overfull \hbox (45.29955pt too wide) in paragraph at lines 58--59
 [][] 
 []


</Users/charlvanschoor/Documents/Gottingen/ML/ML-Applications-CVS/LDA_consumer_
analysis/src/output/CES-distributions/SEX.pdf, id=449, 505.89pt x 216.81pt>
File: /Users/charlvanschoor/Documents/Gottingen/ML/ML-Applications-CVS/LDA_cons
umer_analysis/src/output/CES-distributions/SEX.pdf Graphic file (type pdf)

<use /Users/charlvanschoor/Documents/Gottingen/ML/ML-Applications-CVS/LDA_consu
mer_analysis/src/output/CES-distributions/SEX.pdf>
Package pdftex.def Info: /Users/charlvanschoor/Documents/Gottingen/ML/ML-Applic
ations-CVS/LDA_consumer_analysis/src/output/CES-distributions/SEX.pdf used on i
nput line 63.
(pdftex.def)             Requested size: 498.26744pt x 213.54752pt.

Overfull \hbox (45.29955pt too wide) in paragraph at lines 63--64
 [][] 
 []


</Users/charlvanschoor/Documents/Gottingen/ML/ML-Applications-CVS/LDA_consumer_
analysis/src/output/CES-distributions/EDUCA.pdf, id=450, 289.08pt x 505.89pt>
File: /Users/charlvanschoor/Documents/Gottingen/ML/ML-Applications-CVS/LDA_cons
umer_analysis/src/output/CES-distributions/EDUCA.pdf Graphic file (type pdf)

<use /Users/charlvanschoor/Documents/Gottingen/ML/ML-Applications-CVS/LDA_consu
mer_analysis/src/output/CES-distributions/EDUCA.pdf>
Package pdftex.def Info: /Users/charlvanschoor/Documents/Gottingen/ML/ML-Applic
ations-CVS/LDA_consumer_analysis/src/output/CES-distributions/EDUCA.pdf used on
 input line 68.
(pdftex.def)             Requested size: 362.37569pt x 634.19038pt.

</Users/charlvanschoor/Documents/Gottingen/ML/ML-Applications-CVS/LDA_consumer_
analysis/src/output/CES-distributions/INCLASS.pdf, id=451, 289.08pt x 505.89pt>
File: /Users/charlvanschoor/Documents/Gottingen/ML/ML-Applications-CVS/LDA_cons
umer_analysis/src/output/CES-distributions/INCLASS.pdf Graphic file (type pdf)

<use /Users/charlvanschoor/Documents/Gottingen/ML/ML-Applications-CVS/LDA_consu
mer_analysis/src/output/CES-distributions/INCLASS.pdf>
Package pdftex.def Info: /Users/charlvanschoor/Documents/Gottingen/ML/ML-Applic
ations-CVS/LDA_consumer_analysis/src/output/CES-distributions/INCLASS.pdf used 
on input line 73.
(pdftex.def)             Requested size: 362.37569pt x 634.19038pt.

</Users/charlvanschoor/Documents/Gottingen/ML/ML-Applications-CVS/LDA_consumer_
analysis/src/output/CES-distributions/STATE.pdf, id=452, 289.08pt x 505.89pt>
File: /Users/charlvanschoor/Documents/Gottingen/ML/ML-Applications-CVS/LDA_cons
umer_analysis/src/output/CES-distributions/STATE.pdf Graphic file (type pdf)

<use /Users/charlvanschoor/Documents/Gottingen/ML/ML-Applications-CVS/LDA_consu
mer_analysis/src/output/CES-distributions/STATE.pdf>
Package pdftex.def Info: /Users/charlvanschoor/Documents/Gottingen/ML/ML-Applic
ations-CVS/LDA_consumer_analysis/src/output/CES-distributions/STATE.pdf used on
 input line 80.
(pdftex.def)             Requested size: 362.37569pt x 634.19038pt.
)
Package atveryend Info: Empty hook `BeforeClearDocument' on input line 121.
 [25

 </Users/charlvanschoor/Documents/Gottingen/ML/ML-Applications-CVS/LDA_consumer
_analysis/paper/content/graphs/topicsper30_before_wiki.pdf>] [26 </Users/charlv
anschoor/Documents/Gottingen/ML/ML-Applications-CVS/LDA_consumer_analysis/paper
/content/graphs/word-count-per-product.pdf>] [27 </Users/charlvanschoor/Documen
ts/Gottingen/ML/ML-Applications-CVS/LDA_consumer_analysis/src/output/CPP-distri
bution/CPP_distribution.png>] [28 </Users/charlvanschoor/Documents/Gottingen/ML
/ML-Applications-CVS/LDA_consumer_analysis/src/output/CES-distributions/AGE.pdf
> </Users/charlvanschoor/Documents/Gottingen/ML/ML-Applications-CVS/LDA_consume
r_analysis/src/output/CES-distributions/SEX.pdf>] [29 </Users/charlvanschoor/Do
cuments/Gottingen/ML/ML-Applications-CVS/LDA_consumer_analysis/src/output/CES-d
istributions/EDUCA.pdf>] [30 </Users/charlvanschoor/Documents/Gottingen/ML/ML-A
pplications-CVS/LDA_consumer_analysis/src/output/CES-distributions/INCLASS.pdf>
] [31 </Users/charlvanschoor/Documents/Gottingen/ML/ML-Applications-CVS/LDA_con
sumer_analysis/src/output/CES-distributions/STATE.pdf>]
Package atveryend Info: Empty hook `AfterLastShipout' on input line 121.
 (./project_tree.aux)
Package atveryend Info: Executing hook `AtVeryEndDocument' on input line 121.
Package atveryend Info: Executing hook `AtEndAfterFileList' on input line 121.
Package rerunfilecheck Info: File `project_tree.out' has not changed.
(rerunfilecheck)             Checksum: 6F3D81040F50411CC22BB9F2A2F860B9;998.


LaTeX Warning: There were multiply-defined labels.

Package atveryend Info: Empty hook `AtVeryVeryEnd' on input line 121.
 ) 
Here is how much of TeX's memory you used:
 10346 strings out of 493014
 163938 string characters out of 6133351
 261530 words of memory out of 5000000
 13546 multiletter control sequences out of 15000+600000
 13292 words of font info for 49 fonts, out of 8000000 for 9000
 1141 hyphenation exceptions out of 8191
 44i,14n,77p,1691b,505s stack positions out of 5000i,500n,10000p,200000b,80000s
pdfTeX warning (dest): name{Hfootnote.20} has been referenced but does not ex
ist, replaced by a fixed one

pdfTeX warning (dest): name{Hfootnote.19} has been referenced but does not exis
t, replaced by a fixed one

pdfTeX warning (dest): name{Hfootnote.18} has been referenced but does not exis
t, replaced by a fixed one

pdfTeX warning (dest): name{Hfootnote.17} has been referenced but does not exis
t, replaced by a fixed one

pdfTeX warning (dest): name{Hfootnote.16} has been referenced but does not exis
t, replaced by a fixed one

pdfTeX warning (dest): name{Hfootnote.15} has been referenced but does not exis
t, replaced by a fixed one

pdfTeX warning (dest): name{Hfootnote.14} has been referenced but does not exis
t, replaced by a fixed one

pdfTeX warning (dest): name{Hfootnote.13} has been referenced but does not exis
t, replaced by a fixed one

pdfTeX warning (dest): name{Hfootnote.12} has been referenced but does not exis
t, replaced by a fixed one

pdfTeX warning (dest): name{Hfootnote.11} has been referenced but does not exis
t, replaced by a fixed one

pdfTeX warning (dest): name{Hfootnote.10} has been referenced but does not exis
t, replaced by a fixed one

pdfTeX warning (dest): name{Hfootnote.9} has been referenced but does not exist
, replaced by a fixed one

pdfTeX warning (dest): name{Hfootnote.8} has been referenced but does not exist
, replaced by a fixed one

pdfTeX warning (dest): name{Hfootnote.7} has been referenced but does not exist
, replaced by a fixed one

pdfTeX warning (dest): name{Hfootnote.6} has been referenced but does not exist
, replaced by a fixed one

pdfTeX warning (dest): name{Hfootnote.5} has been referenced but does not exist
, replaced by a fixed one

pdfTeX warning (dest): name{Hfootnote.4} has been referenced but does not exist
, replaced by a fixed one

pdfTeX warning (dest): name{Hfootnote.3} has been referenced but does not exist
, replaced by a fixed one

pdfTeX warning (dest): name{Hfootnote.2} has been referenced but does not exist
, replaced by a fixed one

pdfTeX warning (dest): name{Hfootnote.1} has been referenced but does not exist
, replaced by a fixed one

</usr/local/texlive/2016/texmf-dist/fonts/type1/public/amsfonts/cm/cmex10.pfb><
/usr/local/texlive/2016/texmf-dist/fonts/type1/public/amsfonts/cm/cmmi10.pfb></
usr/local/texlive/2016/texmf-dist/fonts/type1/public/amsfonts/cm/cmmi8.pfb></us
r/local/texlive/2016/texmf-dist/fonts/type1/public/amsfonts/cm/cmr10.pfb></usr/
local/texlive/2016/texmf-dist/fonts/type1/public/amsfonts/cm/cmr12.pfb></usr/lo
cal/texlive/2016/texmf-dist/fonts/type1/public/amsfonts/cm/cmr17.pfb></usr/loca
l/texlive/2016/texmf-dist/fonts/type1/public/amsfonts/cm/cmr6.pfb></usr/local/t
exlive/2016/texmf-dist/fonts/type1/public/amsfonts/cm/cmr8.pfb></usr/local/texl
ive/2016/texmf-dist/fonts/type1/public/amsfonts/cm/cmr9.pfb></usr/local/texlive
/2016/texmf-dist/fonts/type1/public/amsfonts/cm/cmss12.pfb></usr/local/texlive/
2016/texmf-dist/fonts/type1/public/amsfonts/cm/cmsy10.pfb></usr/local/texlive/2
016/texmf-dist/fonts/type1/public/amsfonts/cm/cmsy6.pfb></usr/local/texlive/201
6/texmf-dist/fonts/type1/public/amsfonts/cm/cmsy8.pfb></usr/local/texlive/2016/
texmf-dist/fonts/type1/public/amsfonts/cm/cmti10.pfb></usr/local/texlive/2016/t
exmf-dist/fonts/type1/public/amsfonts/cm/cmtt10.pfb></usr/local/texlive/2016/te
xmf-dist/fonts/type1/public/amsfonts/cm/cmtt9.pfb>
Output written on project_tree.pdf (31 pages, 583991 bytes).
PDF statistics:
 600 PDF objects out of 1000 (max. 8388607)
 506 compressed objects within 6 object streams
 115 named destinations out of 1000 (max. 500000)
 245 words of extra memory for PDF output out of 10000 (max. 10000000)

